<?xml version="1.0" encoding="UTF-8"?>
<coverage generated="1690972869606" clover="3.2.0">
  <project timestamp="1690972869606" name="All files">
    <metrics statements="47" coveredstatements="43" conditionals="39" coveredconditionals="29" methods="14" coveredmethods="12" elements="100" coveredelements="84" complexity="0" loc="47" ncloc="47" packages="1" files="1" classes="1"/>
    <file name="tasks.js" path="/home/albert/Escritorio/borradores/ItAcademy-bootcamp/sprint1/todoApp-React+cli+jest/cli/build/tasks.js">
      <metrics statements="47" coveredstatements="43" conditionals="39" coveredconditionals="29" methods="14" coveredmethods="12"/>
      <line num="2" count="1" type="cond" truecount="4" falsecount="1"/>
      <line num="3" count="104" type="cond" truecount="1" falsecount="1"/>
      <line num="4" count="104" type="stmt"/>
      <line num="5" count="104" type="cond" truecount="8" falsecount="0"/>
      <line num="6" count="99" type="stmt"/>
      <line num="8" count="104" type="stmt"/>
      <line num="10" count="0" type="cond" truecount="0" falsecount="2"/>
      <line num="11" count="0" type="stmt"/>
      <line num="13" count="1" type="cond" truecount="4" falsecount="1"/>
      <line num="14" count="1" type="stmt"/>
      <line num="16" count="0" type="stmt"/>
      <line num="18" count="1" type="cond" truecount="3" falsecount="0"/>
      <line num="19" count="1" type="cond" truecount="3" falsecount="1"/>
      <line num="20" count="1" type="stmt"/>
      <line num="21" count="104" type="cond" truecount="4" falsecount="2"/>
      <line num="22" count="1" type="stmt"/>
      <line num="23" count="1" type="stmt"/>
      <line num="25" count="1" type="stmt"/>
      <line num="26" count="1" type="stmt"/>
      <line num="27" count="1" type="stmt"/>
      <line num="28" count="1" type="stmt"/>
      <line num="29" count="1" type="stmt"/>
      <line num="31" count="5" type="stmt"/>
      <line num="34" count="4" type="stmt"/>
      <line num="35" count="4" type="stmt"/>
      <line num="36" count="4" type="stmt"/>
      <line num="39" count="0" type="stmt"/>
      <line num="42" count="1" type="stmt"/>
      <line num="44" count="3" type="stmt"/>
      <line num="49" count="3" type="stmt"/>
      <line num="50" count="3" type="stmt"/>
      <line num="51" count="3" type="stmt"/>
      <line num="53" count="1" type="stmt"/>
      <line num="55" count="1" type="stmt"/>
      <line num="56" count="1" type="cond" truecount="1" falsecount="1"/>
      <line num="57" count="1" type="stmt"/>
      <line num="58" count="1" type="stmt"/>
      <line num="61" count="1" type="stmt"/>
      <line num="63" count="1" type="stmt"/>
      <line num="64" count="1" type="stmt"/>
      <line num="65" count="1" type="cond" truecount="1" falsecount="1"/>
      <line num="66" count="1" type="stmt"/>
      <line num="67" count="1" type="stmt"/>
      <line num="70" count="1" type="stmt"/>
      <line num="72" count="4" type="stmt"/>
      <line num="73" count="4" type="stmt"/>
      <line num="75" count="1" type="stmt"/>
    </file>
  </project>
</coverage>
