TN:
SF:cli/build/tasks.js
FN:2,(anonymous_0)
FN:6,(anonymous_1)
FN:9,(anonymous_2)
FN:13,(anonymous_3)
FN:15,(anonymous_4)
FN:18,(anonymous_5)
FN:30,saveTasks
FN:33,loadTasks
FN:44,addTask
FN:54,markTaskAsDone
FN:55,(anonymous_10)
FN:62,deleteTask
FN:63,(anonymous_12)
FN:70,listTasks
FNF:14
FNH:12
FNDA:104,(anonymous_0)
FNDA:10,(anonymous_1)
FNDA:0,(anonymous_2)
FNDA:1,(anonymous_3)
FNDA:0,(anonymous_4)
FNDA:1,(anonymous_5)
FNDA:5,saveTasks
FNDA:5,loadTasks
FNDA:3,addTask
FNDA:1,markTaskAsDone
FNDA:2,(anonymous_10)
FNDA:1,deleteTask
FNDA:3,(anonymous_12)
FNDA:5,listTasks
DA:2,1
DA:3,104
DA:4,104
DA:5,104
DA:6,99
DA:8,104
DA:10,0
DA:11,0
DA:13,1
DA:14,1
DA:16,0
DA:18,1
DA:19,1
DA:20,1
DA:21,104
DA:22,1
DA:23,1
DA:25,1
DA:26,1
DA:27,1
DA:28,1
DA:29,1
DA:31,5
DA:34,5
DA:35,5
DA:36,5
DA:39,0
DA:41,5
DA:43,1
DA:45,3
DA:50,3
DA:51,3
DA:53,1
DA:55,2
DA:56,1
DA:57,1
DA:58,1
DA:61,1
DA:63,3
DA:64,1
DA:65,1
DA:66,1
DA:69,1
DA:71,5
DA:72,5
DA:74,1
LF:46
LH:42
BRDA:2,0,0,1
BRDA:2,0,1,1
BRDA:2,0,2,1
BRDA:2,1,0,1
BRDA:2,1,1,0
BRDA:3,2,0,104
BRDA:3,2,1,0
BRDA:5,3,0,99
BRDA:5,3,1,5
BRDA:5,4,0,104
BRDA:5,4,1,104
BRDA:5,5,0,5
BRDA:5,5,1,99
BRDA:5,6,0,99
BRDA:5,6,1,5
BRDA:10,7,0,0
BRDA:10,7,1,0
BRDA:13,8,0,1
BRDA:13,8,1,1
BRDA:13,8,2,1
BRDA:13,9,0,1
BRDA:13,9,1,0
BRDA:18,10,0,1
BRDA:18,10,1,1
BRDA:18,10,2,1
BRDA:19,11,0,0
BRDA:19,11,1,1
BRDA:19,12,0,1
BRDA:19,12,1,1
BRDA:21,13,0,1
BRDA:21,13,1,0
BRDA:21,14,0,104
BRDA:21,14,1,0
BRDA:21,15,0,104
BRDA:21,15,1,104
BRDA:56,16,0,1
BRDA:56,16,1,0
BRDA:64,17,0,1
BRDA:64,17,1,0
BRF:39
BRH:29
end_of_record
